Success (2):
content 14437 _a-0000e214-8137-8000-3120-01ef9001ef90_14856 "EMS_TestForPatch"
content 14438 _a-0000e214-8137-8000-3120-01ef9001ef90_14857 "EMS_NEW_CONST_PATCH_TEST"

Referenced precedents that were not exported (1):
content 11564 41327b2c-a17c-4e00-8f1f-6e5ff91cb2fb

Trace:
2019-02-07 08:43:15.948 DEBUG content 14437 _a-0000e214-8137-8000-3120-01ef9001ef90_14856 Begin transport.
2019-02-07 08:43:15.948 DEBUG content 14437 _a-0000e214-8137-8000-3120-01ef9001ef90_14856 Retrieving object data.
2019-02-07 08:43:15.954 DEBUG content 14437 _a-0000e214-8137-8000-3120-01ef9001ef90_14856 Setting uuids of object references.
2019-02-07 08:43:15.955 DEBUG content 14437 _a-0000e214-8137-8000-3120-01ef9001ef90_14856 Processing reference: [Content:id=14437,versionId=-1,name=EMS_TestForPatch,description=,type=32,subtype=1,uuid=_a-0000e214-8137-8000-3120-01ef9001ef90_14856,parent=11564,parentName=EMS Rules and Constants,parentType=2,log=14437,logName=EMS_TestForPatch,state=255,visibility=35,security=15,creator=Vidyas,createdTimestamp=2019-02-07 08:42:09.0,updatedTimestamp=2019-02-07 08:42:09.0,size=0,lockedBy=,changesRequireApproval=false,attributes={dep_rules=[Ljava.lang.Long;@639ed600, system=0, preferredEditor=legacy, hidden=0, ruletype=1, dep_functions=[Ljava.lang.String;@40aec26a, definition=, dep_types=[Ljava.lang.String;@370f1661, parameters=[Lcom.appiancorp.suiteapi.process.TypedVariable;@6b340de4, dep_variables=[[Ljava.lang.String;@7e0ff854},partition=3,partitionName=/usr/local/appian/_admin/accdocs3]
2019-02-07 08:43:15.955 DEBUG content 14437 _a-0000e214-8137-8000-3120-01ef9001ef90_14856 Processing reference: FreeformRule.forum
2019-02-07 08:43:15.955 DEBUG content 14437 _a-0000e214-8137-8000-3120-01ef9001ef90_14856 Processing reference: FreeformRule.parent
2019-02-07 08:43:15.957 DEBUG content 14437 _a-0000e214-8137-8000-3120-01ef9001ef90_14856 Processing reference: com.appiancorp.suiteapi.content.ContentRoleMap@1c1379e3[
  ContentRole[name=readers,inherit=true,allowForAll=false]
  ContentRole[name=authors,inherit=true,allowForAll=false]
  ContentRole[name=administrators,inherit=true,allowForAll=false]
  ContentRole[name=denyReaders,inherit=false,allowForAll=false]
  ContentRole[name=denyAuthors,inherit=false,allowForAll=false]
  ContentRole[name=denyAdministrators,inherit=false,allowForAll=false]
  securityVector=15:SEC_PUBLIC=true,SEC_CREATOR_ADMIN=false,SEC_INH_ADMIN=true,SEC_INH_EDITOR=true,SEC_INH_VIEWER=true,SEC_ALL_ADMIN=false,SEC_ALL_EDITOR=false,SEC_ALL_VIEWER=false
]
2019-02-07 08:43:15.957 DEBUG content 14437 _a-0000e214-8137-8000-3120-01ef9001ef90_14856 Processing reference: ContentRole[name=readers,inherit=true,allowForAll=false]
2019-02-07 08:43:15.957 DEBUG content 14437 _a-0000e214-8137-8000-3120-01ef9001ef90_14856 Processing reference: ContentRole[name=authors,inherit=true,allowForAll=false]
2019-02-07 08:43:15.957 DEBUG content 14437 _a-0000e214-8137-8000-3120-01ef9001ef90_14856 Processing reference: ContentRole[name=administrators,inherit=true,allowForAll=false]
2019-02-07 08:43:15.957 DEBUG content 14437 _a-0000e214-8137-8000-3120-01ef9001ef90_14856 Processing reference: ContentRole[name=denyReaders,inherit=false,allowForAll=false]
2019-02-07 08:43:15.957 DEBUG content 14437 _a-0000e214-8137-8000-3120-01ef9001ef90_14856 Processing reference: ContentRole[name=denyAuthors,inherit=false,allowForAll=false]
2019-02-07 08:43:15.957 DEBUG content 14437 _a-0000e214-8137-8000-3120-01ef9001ef90_14856 Processing reference: ContentRole[name=denyAdministrators,inherit=false,allowForAll=false]
2019-02-07 08:43:15.957 DEBUG content 14437 _a-0000e214-8137-8000-3120-01ef9001ef90_14856 Completing produce.
2019-02-07 08:43:15.957 DEBUG content 14437 _a-0000e214-8137-8000-3120-01ef9001ef90_14856 Exporting binary resources.
2019-02-07 08:43:15.957 DEBUG content 14437 _a-0000e214-8137-8000-3120-01ef9001ef90_14856 Serializing object to XML.
2019-02-07 08:43:15.957 DEBUG content 14437 _a-0000e214-8137-8000-3120-01ef9001ef90_14856 Object transported.
2019-02-07 08:43:15.957 DEBUG content 14438 _a-0000e214-8137-8000-3120-01ef9001ef90_14857 Begin transport.
2019-02-07 08:43:15.957 DEBUG content 14438 _a-0000e214-8137-8000-3120-01ef9001ef90_14857 Retrieving object data.
2019-02-07 08:43:15.962 DEBUG content 14438 _a-0000e214-8137-8000-3120-01ef9001ef90_14857 Setting uuids of object references.
2019-02-07 08:43:15.962 DEBUG content 14438 _a-0000e214-8137-8000-3120-01ef9001ef90_14857 Processing reference: [Content:id=14438,versionId=-1,name=EMS_NEW_CONST_PATCH_TEST,description=,type=32,subtype=0,uuid=_a-0000e214-8137-8000-3120-01ef9001ef90_14857,parent=11564,parentName=EMS Rules and Constants,parentType=2,log=14438,logName=EMS_NEW_CONST_PATCH_TEST,state=255,visibility=35,security=15,creator=Vidyas,createdTimestamp=2019-02-07 08:43:03.0,updatedTimestamp=2019-02-07 08:43:03.0,size=0,lockedBy=,changesRequireApproval=false,attributes={system=0, hidden=0, ruletype=0, multiple=0, isEnvironmentSpecific=false, value=109, returnType=1},partition=1,partitionName=/usr/local/appian/_admin/accdocs1]
2019-02-07 08:43:15.962 DEBUG content 14438 _a-0000e214-8137-8000-3120-01ef9001ef90_14857 Processing reference: Constant.forum
2019-02-07 08:43:15.963 DEBUG content 14438 _a-0000e214-8137-8000-3120-01ef9001ef90_14857 Processing reference: Constant.parent
2019-02-07 08:43:15.964 DEBUG content 14438 _a-0000e214-8137-8000-3120-01ef9001ef90_14857 Processing reference: com.appiancorp.suiteapi.content.ContentRoleMap@557ae7eb[
  ContentRole[name=readers,inherit=true,allowForAll=false]
  ContentRole[name=authors,inherit=true,allowForAll=false]
  ContentRole[name=administrators,inherit=true,allowForAll=false]
  ContentRole[name=denyReaders,inherit=false,allowForAll=false]
  ContentRole[name=denyAuthors,inherit=false,allowForAll=false]
  ContentRole[name=denyAdministrators,inherit=false,allowForAll=false]
  securityVector=15:SEC_PUBLIC=true,SEC_CREATOR_ADMIN=false,SEC_INH_ADMIN=true,SEC_INH_EDITOR=true,SEC_INH_VIEWER=true,SEC_ALL_ADMIN=false,SEC_ALL_EDITOR=false,SEC_ALL_VIEWER=false
]
2019-02-07 08:43:15.964 DEBUG content 14438 _a-0000e214-8137-8000-3120-01ef9001ef90_14857 Processing reference: ContentRole[name=readers,inherit=true,allowForAll=false]
2019-02-07 08:43:15.964 DEBUG content 14438 _a-0000e214-8137-8000-3120-01ef9001ef90_14857 Processing reference: ContentRole[name=authors,inherit=true,allowForAll=false]
2019-02-07 08:43:15.964 DEBUG content 14438 _a-0000e214-8137-8000-3120-01ef9001ef90_14857 Processing reference: ContentRole[name=administrators,inherit=true,allowForAll=false]
2019-02-07 08:43:15.964 DEBUG content 14438 _a-0000e214-8137-8000-3120-01ef9001ef90_14857 Processing reference: ContentRole[name=denyReaders,inherit=false,allowForAll=false]
2019-02-07 08:43:15.964 DEBUG content 14438 _a-0000e214-8137-8000-3120-01ef9001ef90_14857 Processing reference: ContentRole[name=denyAuthors,inherit=false,allowForAll=false]
2019-02-07 08:43:15.964 DEBUG content 14438 _a-0000e214-8137-8000-3120-01ef9001ef90_14857 Processing reference: ContentRole[name=denyAdministrators,inherit=false,allowForAll=false]
2019-02-07 08:43:15.965 DEBUG content 14438 _a-0000e214-8137-8000-3120-01ef9001ef90_14857 Completing produce.
2019-02-07 08:43:15.965 DEBUG content 14438 _a-0000e214-8137-8000-3120-01ef9001ef90_14857 Exporting binary resources.
2019-02-07 08:43:15.965 DEBUG content 14438 _a-0000e214-8137-8000-3120-01ef9001ef90_14857 Serializing object to XML.
2019-02-07 08:43:15.966 DEBUG content 14438 _a-0000e214-8137-8000-3120-01ef9001ef90_14857 Object transported.
